<?xml version="1.0" encoding="UTF-8"?>
<testng-results ignored="0" total="1" passed="1" failed="0" skipped="0">
  <reporter-output>
  </reporter-output>
  <suite started-at="2021-10-27T07:15:37 IST" name="Suite" finished-at="2021-10-27T07:15:38 IST" duration-ms="670">
    <groups>
      <group name="cucumber">
        <method signature="AbstractTestNGCucumberTests.runScenario(io.cucumber.testng.PickleWrapper,io.cucumber.testng.FeatureWrapper)[pri:0, instance:cucumber_Project.TestRunner@11bd0f3b]" name="runScenario" class="io.cucumber.testng.AbstractTestNGCucumberTests"/>
      </group> <!-- cucumber -->
    </groups>
    <test started-at="2021-10-27T07:15:37 IST" name="Test" finished-at="2021-10-27T07:15:38 IST" duration-ms="670">
      <class name="cucumber_Project.TestRunner">
        <test-method is-config="true" signature="setUpClass()[pri:0, instance:cucumber_Project.TestRunner@11bd0f3b]" started-at="2021-10-27T07:15:37 IST" name="setUpClass" finished-at="2021-10-27T07:15:38 IST" duration-ms="382" status="PASS">
          <reporter-output>
          </reporter-output>
        </test-method> <!-- setUpClass -->
        <test-method signature="runScenario(io.cucumber.testng.PickleWrapper,io.cucumber.testng.FeatureWrapper)[pri:0, instance:cucumber_Project.TestRunner@11bd0f3b]" started-at="2021-10-27T07:15:38 IST" name="runScenario" description="Runs Cucumber Scenarios" data-provider="scenarios" finished-at="2021-10-27T07:15:38 IST" duration-ms="148" status="PASS">
          <params>
            <param index="0">
              <value>
                <![CDATA["My basic contact form Test"]]>
              </value>
            </param>
            <param index="1">
              <value>
                <![CDATA["Optional[Test script for contact form test cases]"]]>
              </value>
            </param>
          </params>
          <reporter-output>
          </reporter-output>
        </test-method> <!-- runScenario -->
        <test-method is-config="true" signature="tearDownClass()[pri:0, instance:cucumber_Project.TestRunner@11bd0f3b]" started-at="2021-10-27T07:15:38 IST" name="tearDownClass" finished-at="2021-10-27T07:15:38 IST" duration-ms="107" status="PASS">
          <reporter-output>
          </reporter-output>
        </test-method> <!-- tearDownClass -->
      </class> <!-- cucumber_Project.TestRunner -->
    </test> <!-- Test -->
  </suite> <!-- Suite -->
</testng-results>
