<?xml version="1.0" encoding="UTF-8"?>
<testng-results skipped="0" failed="0" ignored="0" total="1" passed="1">
  <reporter-output>
  </reporter-output>
  <suite name="Suite" duration-ms="9589" started-at="2021-10-27T06:18:36 IST" finished-at="2021-10-27T06:18:45 IST">
    <groups>
    </groups>
    <test name="Test" duration-ms="9589" started-at="2021-10-27T06:18:36 IST" finished-at="2021-10-27T06:18:45 IST">
      <class name="com.App_TestCases.LoginAppService">
        <test-method status="PASS" signature="setupsuite()[pri:0, instance:com.App_TestCases.LoginAppService@72b6cbcc]" name="setupsuite" is-config="true" duration-ms="27" started-at="2021-10-27T06:18:35 IST" finished-at="2021-10-27T06:18:36 IST">
          <reporter-output>
          </reporter-output>
        </test-method> <!-- setupsuite -->
        <test-method status="PASS" signature="startBrowser()[pri:0, instance:com.App_TestCases.LoginAppService@72b6cbcc]" name="startBrowser" is-config="true" duration-ms="5679" started-at="2021-10-27T06:18:36 IST" finished-at="2021-10-27T06:18:41 IST">
          <reporter-output>
          </reporter-output>
        </test-method> <!-- startBrowser -->
        <test-method status="PASS" signature="verify_valid_login(java.lang.String,java.lang.String)[pri:1, instance:com.App_TestCases.LoginAppService@72b6cbcc]" name="verify_valid_login" duration-ms="3499" started-at="2021-10-27T06:18:41 IST" finished-at="2021-10-27T06:18:45 IST">
          <params>
            <param index="0">
              <value>
                <![CDATA[qatrainer]]>
              </value>
            </param>
            <param index="1">
              <value>
                <![CDATA[admin123]]>
              </value>
            </param>
          </params>
          <reporter-output>
          </reporter-output>
        </test-method> <!-- verify_valid_login -->
        <test-method status="PASS" signature="testDown()[pri:0, instance:com.App_TestCases.LoginAppService@72b6cbcc]" name="testDown" is-config="true" duration-ms="327" started-at="2021-10-27T06:18:45 IST" finished-at="2021-10-27T06:18:45 IST">
          <reporter-output>
          </reporter-output>
        </test-method> <!-- testDown -->
      </class> <!-- com.App_TestCases.LoginAppService -->
    </test> <!-- Test -->
  </suite> <!-- Suite -->
</testng-results>
