<?xml version="1.0" encoding="UTF-8"?>
<testng-results ignored="0" total="1" passed="1" failed="0" skipped="0">
  <reporter-output>
  </reporter-output>
  <suite started-at="2021-10-27T06:15:40 IST" name="Suite" finished-at="2021-10-27T06:15:48 IST" duration-ms="8583">
    <groups>
    </groups>
    <test started-at="2021-10-27T06:15:40 IST" name="Test" finished-at="2021-10-27T06:15:48 IST" duration-ms="8583">
      <class name="com.App_TestCases.LoginAppService">
        <test-method is-config="true" signature="setupsuite()[pri:0, instance:com.App_TestCases.LoginAppService@4229bb3f]" started-at="2021-10-27T06:15:40 IST" name="setupsuite" finished-at="2021-10-27T06:15:40 IST" duration-ms="11" status="PASS">
          <reporter-output>
          </reporter-output>
        </test-method> <!-- setupsuite -->
        <test-method is-config="true" signature="startBrowser()[pri:0, instance:com.App_TestCases.LoginAppService@4229bb3f]" started-at="2021-10-27T06:15:40 IST" name="startBrowser" finished-at="2021-10-27T06:15:46 IST" duration-ms="6061" status="PASS">
          <reporter-output>
          </reporter-output>
        </test-method> <!-- startBrowser -->
        <test-method signature="verify_valid_login(java.lang.String,java.lang.String)[pri:1, instance:com.App_TestCases.LoginAppService@4229bb3f]" started-at="2021-10-27T06:15:46 IST" name="verify_valid_login" finished-at="2021-10-27T06:15:48 IST" duration-ms="2355" status="PASS">
          <params>
            <param index="0">
              <value>
                <![CDATA[qatrainer]]>
              </value>
            </param>
            <param index="1">
              <value>
                <![CDATA[admin123]]>
              </value>
            </param>
          </params>
          <reporter-output>
          </reporter-output>
        </test-method> <!-- verify_valid_login -->
        <test-method is-config="true" signature="testDown()[pri:0, instance:com.App_TestCases.LoginAppService@4229bb3f]" started-at="2021-10-27T06:15:48 IST" name="testDown" finished-at="2021-10-27T06:15:48 IST" duration-ms="125" status="PASS">
          <reporter-output>
          </reporter-output>
        </test-method> <!-- testDown -->
      </class> <!-- com.App_TestCases.LoginAppService -->
    </test> <!-- Test -->
  </suite> <!-- Suite -->
</testng-results>
